{'_content': b'[{"Name":"Breaking Bad S05E14 720p HDTV x264-IMMERSE [eztv]","Si'
             b'ze":"1.19\xc2\xa0GiB","DateUploaded":"09-16\xc2\xa02013","Catego'
             b'ry":"Video","Seeders":"3","Leechers":"0","UploadedBy":"eztv","Ur'
             b'l":"https://thehiddenbay.com/torrent/8923386/Breaking_Bad_S05E14'
             b'_720p_HDTV_x264-IMMERSE_[eztv]","Magnet":"magnet:?xt=urn:btih:D5'
             b'2B94470976D63E5C830C887BC1EC13EB8543B0&dn=Breaking+Bad+S05E14+72'
             b'0p+HDTV+x264-IMMERSE+%5Beztv%5D&tr=http%3A%2F%2Fp4p.arenabg.com%'
             b'3A1337%2Fannounce&tr=udp%3A%2F%2F47.ip-51-68-199.eu%3A6969%2Fann'
             b'ounce&tr=udp%3A%2F%2F9.rarbg.me%3A2780%2Fannounce&tr=udp%3A%2F%2'
             b'F9.rarbg.to%3A2710%2Fannounce&tr=udp%3A%2F%2F9.rarbg.to%3A2730%2'
             b'Fannounce&tr=udp%3A%2F%2F9.rarbg.to%3A2920%2Fannounce&tr=udp%3A%'
             b'2F%2Fopen.stealth.si%3A80%2Fannounce&tr=udp%3A%2F%2Fopentracker.'
             b'i2p.rocks%3A6969%2Fannounce&tr=udp%3A%2F%2Ftracker.coppersurfer.'
             b'tk%3A6969%2Fannounce&tr=udp%3A%2F%2Ftracker.cyberia.is%3A6969%2F'
             b'announce&tr=udp%3A%2F%2Ftracker.dler.org%3A6969%2Fannounce&tr=ud'
             b'p%3A%2F%2Ftracker.internetwarriors.net%3A1337%2Fannounce&tr=udp%'
             b'3A%2F%2Ftracker.leechers-paradise.org%3A6969%2Fannounce&tr=udp%3'
             b'A%2F%2Ftracker.openbittorrent.com%3A6969%2Fannounce&tr=udp%3A%2F'
             b'%2Ftracker.opentrackr.org%3A1337&tr=udp%3A%2F%2Ftracker.piratepa'
             b'rty.gr%3A6969%2Fannounce&tr=udp%3A%2F%2Ftracker.tiny-vps.com%3A6'
             b'969%2Fannounce&tr=udp%3A%2F%2Ftracker.torrent.eu.org%3A451%2Fann'
             b'ounce"},{"Name":"Breaking.Bad.S05E14.720p.HDTV.x264-IMMERSE.srt.'
             b'Brazilian.Subtitl","Size":"42.06\xc2\xa0KiB","DateUploaded":"0'
             b'9-16\xc2\xa02013","Category":"Video","Seeders":"1","Leechers":'
             b'"0","UploadedBy":"upitacci","Url":"https://thehiddenbay.com/torr'
             b'ent/8925854/Breaking.Bad.S05E14.720p.HDTV.x264-IMMERSE.srt.Brazi'
             b'lian.Subtitl","Magnet":"magnet:?xt=urn:btih:80DB3E7D0FA71DA1623C'
             b'CAFEFD3FDC1A4B7A0B17&dn=Breaking.Bad.S05E14.720p.HDTV.x264-IMMER'
             b'SE.srt.Brazilian.Subtitl&tr=http%3A%2F%2Fp4p.arenabg.com%3A1337%'
             b'2Fannounce&tr=udp%3A%2F%2F47.ip-51-68-199.eu%3A6969%2Fannounce&t'
             b'r=udp%3A%2F%2F9.rarbg.me%3A2780%2Fannounce&tr=udp%3A%2F%2F9.rarb'
             b'g.to%3A2710%2Fannounce&tr=udp%3A%2F%2F9.rarbg.to%3A2730%2Fannoun'
             b'ce&tr=udp%3A%2F%2F9.rarbg.to%3A2920%2Fannounce&tr=udp%3A%2F%2Fop'
             b'en.stealth.si%3A80%2Fannounce&tr=udp%3A%2F%2Fopentracker.i2p.roc'
             b'ks%3A6969%2Fannounce&tr=udp%3A%2F%2Ftracker.coppersurfer.tk%3A69'
             b'69%2Fannounce&tr=udp%3A%2F%2Ftracker.cyberia.is%3A6969%2Fannounc'
             b'e&tr=udp%3A%2F%2Ftracker.dler.org%3A6969%2Fannounce&tr=udp%3A%2F'
             b'%2Ftracker.internetwarriors.net%3A1337%2Fannounce&tr=udp%3A%2F%2'
             b'Ftracker.leechers-paradise.org%3A6969%2Fannounce&tr=udp%3A%2F%2F'
             b'tracker.openbittorrent.com%3A6969%2Fannounce&tr=udp%3A%2F%2Ftrac'
             b'ker.opentrackr.org%3A1337&tr=udp%3A%2F%2Ftracker.pirateparty.gr%'
             b'3A6969%2Fannounce&tr=udp%3A%2F%2Ftracker.tiny-vps.com%3A6969%2Fa'
             b'nnounce&tr=udp%3A%2F%2Ftracker.torrent.eu.org%3A451%2Fannounce"}'
             b',{"Name":"Breaking.Bad.CUSTOM.SWESUB.S05E14.HDTV.XViD.MP3-Devil"'
             b',"Size":"379\xc2\xa0MiB","DateUploaded":"10-21\xc2\xa02013","Cat'
             b'egory":"Video","Seeders":"1","Leechers":"0","UploadedBy":"Little'
             b'_Devil","Url":"https://thehiddenbay.com/torrent/9080303/Breaking'
             b'.Bad.CUSTOM.SWESUB.S05E14.HDTV.XViD.MP3-Devil","Magnet":"magnet:'
             b'?xt=urn:btih:00441A35BFFD91E27F70B5B412598D84B785966B&dn=Breakin'
             b'g.Bad.CUSTOM.SWESUB.S05E14.HDTV.XViD.MP3-Devil&tr=http%3A%2F%2Fp'
             b'4p.arenabg.com%3A1337%2Fannounce&tr=udp%3A%2F%2F47.ip-51-68-199.'
             b'eu%3A6969%2Fannounce&tr=udp%3A%2F%2F9.rarbg.me%3A2780%2Fannounce'
             b'&tr=udp%3A%2F%2F9.rarbg.to%3A2710%2Fannounce&tr=udp%3A%2F%2F9.ra'
             b'rbg.to%3A2730%2Fannounce&tr=udp%3A%2F%2F9.rarbg.to%3A2920%2Fanno'
             b'unce&tr=udp%3A%2F%2Fopen.stealth.si%3A80%2Fannounce&tr=udp%3A%2F'
             b'%2Fopentracker.i2p.rocks%3A6969%2Fannounce&tr=udp%3A%2F%2Ftracke'
             b'r.coppersurfer.tk%3A6969%2Fannounce&tr=udp%3A%2F%2Ftracker.cyber'
             b'ia.is%3A6969%2Fannounce&tr=udp%3A%2F%2Ftracker.dler.org%3A6969%2'
             b'Fannounce&tr=udp%3A%2F%2Ftracker.internetwarriors.net%3A1337%2Fa'
             b'nnounce&tr=udp%3A%2F%2Ftracker.leechers-paradise.org%3A6969%2Fan'
             b'nounce&tr=udp%3A%2F%2Ftracker.openbittorrent.com%3A6969%2Fannoun'
             b'ce&tr=udp%3A%2F%2Ftracker.opentrackr.org%3A1337&tr=udp%3A%2F%2Ft'
             b'racker.pirateparty.gr%3A6969%2Fannounce&tr=udp%3A%2F%2Ftracker.t'
             b'iny-vps.com%3A6969%2Fannounce&tr=udp%3A%2F%2Ftracker.torrent.eu.'
             b'org%3A451%2Fannounce"},{"Name":"Breaking.Bad.S05E14.480p.HDTV.x2'
             b'64 170MB-EncodeKing","Size":"170.25\xc2\xa0MiB","DateUploaded"'
             b':"09-16\xc2\xa02013","Category":"Video","Seeders":"1","Leecher'
             b's":"0","UploadedBy":"EncodeKing","Url":"https://thehiddenbay.com'
             b'/torrent/8925632/Breaking.Bad.S05E14.480p.HDTV.x264_170MB-Encode'
             b'King","Magnet":"magnet:?xt=urn:btih:E23F889CF496B013493A78470C29'
             b'C5DD18CA7AC8&dn=Breaking.Bad.S05E14.480p.HDTV.x264+170MB-EncodeK'
             b'ing&tr=http%3A%2F%2Fp4p.arenabg.com%3A1337%2Fannounce&tr=udp%3A%'
             b'2F%2F47.ip-51-68-199.eu%3A6969%2Fannounce&tr=udp%3A%2F%2F9.rarbg'
             b'.me%3A2780%2Fannounce&tr=udp%3A%2F%2F9.rarbg.to%3A2710%2Fannounc'
             b'e&tr=udp%3A%2F%2F9.rarbg.to%3A2730%2Fannounce&tr=udp%3A%2F%2F9.r'
             b'arbg.to%3A2920%2Fannounce&tr=udp%3A%2F%2Fopen.stealth.si%3A80%2F'
             b'announce&tr=udp%3A%2F%2Fopentracker.i2p.rocks%3A6969%2Fannounce&'
             b'tr=udp%3A%2F%2Ftracker.coppersurfer.tk%3A6969%2Fannounce&tr=udp%'
             b'3A%2F%2Ftracker.cyberia.is%3A6969%2Fannounce&tr=udp%3A%2F%2Ftrac'
             b'ker.dler.org%3A6969%2Fannounce&tr=udp%3A%2F%2Ftracker.internetwa'
             b'rriors.net%3A1337%2Fannounce&tr=udp%3A%2F%2Ftracker.leechers-par'
             b'adise.org%3A6969%2Fannounce&tr=udp%3A%2F%2Ftracker.openbittorren'
             b't.com%3A6969%2Fannounce&tr=udp%3A%2F%2Ftracker.opentrackr.org%3A'
             b'1337&tr=udp%3A%2F%2Ftracker.pirateparty.gr%3A6969%2Fannounce&tr='
             b'udp%3A%2F%2Ftracker.tiny-vps.com%3A6969%2Fannounce&tr=udp%3A%2F%'
             b'2Ftracker.torrent.eu.org%3A451%2Fannounce"},{"Name":"Breaking.Ba'
             b'd.S05E14.HDTV.x264-ASAP","Size":"347.33\xc2\xa0MiB","DateUploa'
             b'ded":"09-16\xc2\xa02013","Category":"Video","Seeders":"1","Lee'
             b'chers":"0","UploadedBy":"R0thschild","Url":"https://thehiddenbay'
             b'.com/torrent/8924197/Breaking.Bad.S05E14.HDTV.x264-ASAP","Magnet'
             b'":"magnet:?xt=urn:btih:41465D97E85892F9C56597A58151E888BB950AF7&'
             b'dn=Breaking.Bad.S05E14.HDTV.x264-ASAP&tr=http%3A%2F%2Fp4p.arenab'
             b'g.com%3A1337%2Fannounce&tr=udp%3A%2F%2F47.ip-51-68-199.eu%3A6969'
             b'%2Fannounce&tr=udp%3A%2F%2F9.rarbg.me%3A2780%2Fannounce&tr=udp%3'
             b'A%2F%2F9.rarbg.to%3A2710%2Fannounce&tr=udp%3A%2F%2F9.rarbg.to%3A'
             b'2730%2Fannounce&tr=udp%3A%2F%2F9.rarbg.to%3A2920%2Fannounce&tr=u'
             b'dp%3A%2F%2Fopen.stealth.si%3A80%2Fannounce&tr=udp%3A%2F%2Fopentr'
             b'acker.i2p.rocks%3A6969%2Fannounce&tr=udp%3A%2F%2Ftracker.coppers'
             b'urfer.tk%3A6969%2Fannounce&tr=udp%3A%2F%2Ftracker.cyberia.is%3A6'
             b'969%2Fannounce&tr=udp%3A%2F%2Ftracker.dler.org%3A6969%2Fannounce'
             b'&tr=udp%3A%2F%2Ftracker.internetwarriors.net%3A1337%2Fannounce&t'
             b'r=udp%3A%2F%2Ftracker.leechers-paradise.org%3A6969%2Fannounce&tr'
             b'=udp%3A%2F%2Ftracker.openbittorrent.com%3A6969%2Fannounce&tr=udp'
             b'%3A%2F%2Ftracker.opentrackr.org%3A1337&tr=udp%3A%2F%2Ftracker.pi'
             b'rateparty.gr%3A6969%2Fannounce&tr=udp%3A%2F%2Ftracker.tiny-vps.c'
             b'om%3A6969%2Fannounce&tr=udp%3A%2F%2Ftracker.torrent.eu.org%3A451'
             b'%2Fannounce"},{"Name":"The.Making.of.Breaking.Bad.S05E14.720p.WE'
             b'BRip.AAC2.0.H.264-BTN [","Size":"117.49\xc2\xa0MiB","DateUploa'
             b'ded":"09-17\xc2\xa02013","Category":"Video","Seeders":"1","Lee'
             b'chers":"0","UploadedBy":"DibyaTPB","Url":"https://thehiddenbay.c'
             b'om/torrent/8927917/The.Making.of.Breaking.Bad.S05E14.720p.WEBRip'
             b'.AAC2.0.H.264-BTN_[","Magnet":"magnet:?xt=urn:btih:EF90E84CD53C6'
             b'01179AF54E9C2F9505D3F418C54&dn=The.Making.of.Breaking.Bad.S05E14'
             b'.720p.WEBRip.AAC2.0.H.264-BTN+%5B&tr=http%3A%2F%2Fp4p.arenabg.co'
             b'm%3A1337%2Fannounce&tr=udp%3A%2F%2F47.ip-51-68-199.eu%3A6969%2Fa'
             b'nnounce&tr=udp%3A%2F%2F9.rarbg.me%3A2780%2Fannounce&tr=udp%3A%2F'
             b'%2F9.rarbg.to%3A2710%2Fannounce&tr=udp%3A%2F%2F9.rarbg.to%3A2730'
             b'%2Fannounce&tr=udp%3A%2F%2F9.rarbg.to%3A2920%2Fannounce&tr=udp%3'
             b'A%2F%2Fopen.stealth.si%3A80%2Fannounce&tr=udp%3A%2F%2Fopentracke'
             b'r.i2p.rocks%3A6969%2Fannounce&tr=udp%3A%2F%2Ftracker.coppersurfe'
             b'r.tk%3A6969%2Fannounce&tr=udp%3A%2F%2Ftracker.cyberia.is%3A6969%'
             b'2Fannounce&tr=udp%3A%2F%2Ftracker.dler.org%3A6969%2Fannounce&tr='
             b'udp%3A%2F%2Ftracker.internetwarriors.net%3A1337%2Fannounce&tr=ud'
             b'p%3A%2F%2Ftracker.leechers-paradise.org%3A6969%2Fannounce&tr=udp'
             b'%3A%2F%2Ftracker.openbittorrent.com%3A6969%2Fannounce&tr=udp%3A%'
             b'2F%2Ftracker.opentrackr.org%3A1337&tr=udp%3A%2F%2Ftracker.pirate'
             b'party.gr%3A6969%2Fannounce&tr=udp%3A%2F%2Ftracker.tiny-vps.com%3'
             b'A6969%2Fannounce&tr=udp%3A%2F%2Ftracker.torrent.eu.org%3A451%2Fa'
             b'nnounce"},{"Name":"Breaking Bad S05E14 480p HDTV x264-mSD","Size'
             b'":"191.31\xc2\xa0MiB","DateUploaded":"09-16\xc2\xa02013","Catego'
             b'ry":"Video","Seeders":"1","Leechers":"0","UploadedBy":"TeX","Url'
             b'":"https://thehiddenbay.com/torrent/8923289/Breaking_Bad_S05E14_'
             b'480p_HDTV_x264-mSD","Magnet":"magnet:?xt=urn:btih:F4B1570B66396C'
             b'D4F74534F6E6254388CB901F66&dn=Breaking+Bad+S05E14+480p+HDTV+x264'
             b'-mSD&tr=http%3A%2F%2Fp4p.arenabg.com%3A1337%2Fannounce&tr=udp%3A'
             b'%2F%2F47.ip-51-68-199.eu%3A6969%2Fannounce&tr=udp%3A%2F%2F9.rarb'
             b'g.me%3A2780%2Fannounce&tr=udp%3A%2F%2F9.rarbg.to%3A2710%2Fannoun'
             b'ce&tr=udp%3A%2F%2F9.rarbg.to%3A2730%2Fannounce&tr=udp%3A%2F%2F9.'
             b'rarbg.to%3A2920%2Fannounce&tr=udp%3A%2F%2Fopen.stealth.si%3A80%2'
             b'Fannounce&tr=udp%3A%2F%2Fopentracker.i2p.rocks%3A6969%2Fannounce'
             b'&tr=udp%3A%2F%2Ftracker.coppersurfer.tk%3A6969%2Fannounce&tr=udp'
             b'%3A%2F%2Ftracker.cyberia.is%3A6969%2Fannounce&tr=udp%3A%2F%2Ftra'
             b'cker.dler.org%3A6969%2Fannounce&tr=udp%3A%2F%2Ftracker.internetw'
             b'arriors.net%3A1337%2Fannounce&tr=udp%3A%2F%2Ftracker.leechers-pa'
             b'radise.org%3A6969%2Fannounce&tr=udp%3A%2F%2Ftracker.openbittorre'
             b'nt.com%3A6969%2Fannounce&tr=udp%3A%2F%2Ftracker.opentrackr.org%3'
             b'A1337&tr=udp%3A%2F%2Ftracker.pirateparty.gr%3A6969%2Fannounce&tr'
             b'=udp%3A%2F%2Ftracker.tiny-vps.com%3A6969%2Fannounce&tr=udp%3A%2F'
             b'%2Ftracker.torrent.eu.org%3A451%2Fannounce"},{"Name":"Breaking.B'
             b'ad.S05E14.HDTV.x264-ASAP","Size":"347.33\xc2\xa0MiB","DateUplo'
             b'aded":"09-16\xc2\xa02013","Category":"Video","Seeders":"1","Le'
             b'echers":"0","UploadedBy":"Thhaque","Url":"https://thehiddenbay.c'
             b'om/torrent/8923684/Breaking.Bad.S05E14.HDTV.x264-ASAP","Magnet":'
             b'"magnet:?xt=urn:btih:2D23EFA1C0AEF945FC8E61764746704A2EAA4979&dn'
             b'=Breaking.Bad.S05E14.HDTV.x264-ASAP&tr=http%3A%2F%2Fp4p.arenabg.'
             b'com%3A1337%2Fannounce&tr=udp%3A%2F%2F47.ip-51-68-199.eu%3A6969%2'
             b'Fannounce&tr=udp%3A%2F%2F9.rarbg.me%3A2780%2Fannounce&tr=udp%3A%'
             b'2F%2F9.rarbg.to%3A2710%2Fannounce&tr=udp%3A%2F%2F9.rarbg.to%3A27'
             b'30%2Fannounce&tr=udp%3A%2F%2F9.rarbg.to%3A2920%2Fannounce&tr=udp'
             b'%3A%2F%2Fopen.stealth.si%3A80%2Fannounce&tr=udp%3A%2F%2Fopentrac'
             b'ker.i2p.rocks%3A6969%2Fannounce&tr=udp%3A%2F%2Ftracker.coppersur'
             b'fer.tk%3A6969%2Fannounce&tr=udp%3A%2F%2Ftracker.cyberia.is%3A696'
             b'9%2Fannounce&tr=udp%3A%2F%2Ftracker.dler.org%3A6969%2Fannounce&t'
             b'r=udp%3A%2F%2Ftracker.internetwarriors.net%3A1337%2Fannounce&tr='
             b'udp%3A%2F%2Ftracker.leechers-paradise.org%3A6969%2Fannounce&tr=u'
             b'dp%3A%2F%2Ftracker.openbittorrent.com%3A6969%2Fannounce&tr=udp%3'
             b'A%2F%2Ftracker.opentrackr.org%3A1337&tr=udp%3A%2F%2Ftracker.pira'
             b'teparty.gr%3A6969%2Fannounce&tr=udp%3A%2F%2Ftracker.tiny-vps.com'
             b'%3A6969%2Fannounce&tr=udp%3A%2F%2Ftracker.torrent.eu.org%3A451%2'
             b'Fannounce"},{"Name":"Breaking.Bad.S05E14.HDTV.Subtitulado.Esp.SC'
             b'.avi","Size":"378.47\xc2\xa0MiB","DateUploaded":"09-16\xc2\xa020'
             b'13","Category":"Video","Seeders":"1","Leechers":"0","UploadedBy"'
             b':"protonotario","Url":"https://thehiddenbay.com/torrent/8924926/'
             b'Breaking.Bad.S05E14.HDTV.Subtitulado.Esp.SC.avi","Magnet":"magne'
             b't:?xt=urn:btih:0EC8AE1DADA2AC06B11175BAAB76D5ABF028272F&dn=Break'
             b'ing.Bad.S05E14.HDTV.Subtitulado.Esp.SC.avi&tr=http%3A%2F%2Fp4p.a'
             b'renabg.com%3A1337%2Fannounce&tr=udp%3A%2F%2F47.ip-51-68-199.eu%3'
             b'A6969%2Fannounce&tr=udp%3A%2F%2F9.rarbg.me%3A2780%2Fannounce&tr='
             b'udp%3A%2F%2F9.rarbg.to%3A2710%2Fannounce&tr=udp%3A%2F%2F9.rarbg.'
             b'to%3A2730%2Fannounce&tr=udp%3A%2F%2F9.rarbg.to%3A2920%2Fannounce'
             b'&tr=udp%3A%2F%2Fopen.stealth.si%3A80%2Fannounce&tr=udp%3A%2F%2Fo'
             b'pentracker.i2p.rocks%3A6969%2Fannounce&tr=udp%3A%2F%2Ftracker.co'
             b'ppersurfer.tk%3A6969%2Fannounce&tr=udp%3A%2F%2Ftracker.cyberia.i'
             b's%3A6969%2Fannounce&tr=udp%3A%2F%2Ftracker.dler.org%3A6969%2Fann'
             b'ounce&tr=udp%3A%2F%2Ftracker.internetwarriors.net%3A1337%2Fannou'
             b'nce&tr=udp%3A%2F%2Ftracker.leechers-paradise.org%3A6969%2Fannoun'
             b'ce&tr=udp%3A%2F%2Ftracker.openbittorrent.com%3A6969%2Fannounce&t'
             b'r=udp%3A%2F%2Ftracker.opentrackr.org%3A1337&tr=udp%3A%2F%2Ftrack'
             b'er.pirateparty.gr%3A6969%2Fannounce&tr=udp%3A%2F%2Ftracker.tiny-'
             b'vps.com%3A6969%2Fannounce&tr=udp%3A%2F%2Ftracker.torrent.eu.org%'
             b'3A451%2Fannounce"},{"Name":"Breaking.Bad.S05E14.HDTV.x264-nesmeu'
             b'red","Size":"400.29\xc2\xa0MiB","DateUploaded":"09-16\xc2\xa0201'
             b'3","Category":"Video","Seeders":"1","Leechers":"0","UploadedBy":'
             b'"nesmeured","Url":"https://thehiddenbay.com/torrent/8925606/Brea'
             b'king.Bad.S05E14.HDTV.x264-nesmeured","Magnet":"magnet:?xt=urn:bt'
             b'ih:FC21FC4A67B00DB3E31E231B0995C42D775934F3&dn=Breaking.Bad.S05E'
             b'14.HDTV.x264-nesmeured&tr=http%3A%2F%2Fp4p.arenabg.com%3A1337%2F'
             b'announce&tr=udp%3A%2F%2F47.ip-51-68-199.eu%3A6969%2Fannounce&tr='
             b'udp%3A%2F%2F9.rarbg.me%3A2780%2Fannounce&tr=udp%3A%2F%2F9.rarbg.'
             b'to%3A2710%2Fannounce&tr=udp%3A%2F%2F9.rarbg.to%3A2730%2Fannounce'
             b'&tr=udp%3A%2F%2F9.rarbg.to%3A2920%2Fannounce&tr=udp%3A%2F%2Fopen'
             b'.stealth.si%3A80%2Fannounce&tr=udp%3A%2F%2Fopentracker.i2p.rocks'
             b'%3A6969%2Fannounce&tr=udp%3A%2F%2Ftracker.coppersurfer.tk%3A6969'
             b'%2Fannounce&tr=udp%3A%2F%2Ftracker.cyberia.is%3A6969%2Fannounce&'
             b'tr=udp%3A%2F%2Ftracker.dler.org%3A6969%2Fannounce&tr=udp%3A%2F%2'
             b'Ftracker.internetwarriors.net%3A1337%2Fannounce&tr=udp%3A%2F%2Ft'
             b'racker.leechers-paradise.org%3A6969%2Fannounce&tr=udp%3A%2F%2Ftr'
             b'acker.openbittorrent.com%3A6969%2Fannounce&tr=udp%3A%2F%2Ftracke'
             b'r.opentrackr.org%3A1337&tr=udp%3A%2F%2Ftracker.pirateparty.gr%3A'
             b'6969%2Fannounce&tr=udp%3A%2F%2Ftracker.tiny-vps.com%3A6969%2Fann'
             b'ounce&tr=udp%3A%2F%2Ftracker.torrent.eu.org%3A451%2Fannounce"},{'
             b'"Name":"Breaking.Bad.S05E14.VOSTFR.Gillop.avi","Size":"264.3'
             b'8\xc2\xa0MiB","DateUploaded":"09-16\xc2\xa02013","Category":"Vid'
             b'eo","Seeders":"1","Leechers":"0","UploadedBy":"gillop1","Url":"h'
             b'ttps://thehiddenbay.com/torrent/8924722/Breaking.Bad.S05E14.VOST'
             b'FR.Gillop.avi","Magnet":"magnet:?xt=urn:btih:067A25E6582065B7B62'
             b'D86EEA35095114CC52864&dn=Breaking.Bad.S05E14.VOSTFR.Gillop.avi&t'
             b'r=http%3A%2F%2Fp4p.arenabg.com%3A1337%2Fannounce&tr=udp%3A%2F%2F'
             b'47.ip-51-68-199.eu%3A6969%2Fannounce&tr=udp%3A%2F%2F9.rarbg.me%3'
             b'A2780%2Fannounce&tr=udp%3A%2F%2F9.rarbg.to%3A2710%2Fannounce&tr='
             b'udp%3A%2F%2F9.rarbg.to%3A2730%2Fannounce&tr=udp%3A%2F%2F9.rarbg.'
             b'to%3A2920%2Fannounce&tr=udp%3A%2F%2Fopen.stealth.si%3A80%2Fannou'
             b'nce&tr=udp%3A%2F%2Fopentracker.i2p.rocks%3A6969%2Fannounce&tr=ud'
             b'p%3A%2F%2Ftracker.coppersurfer.tk%3A6969%2Fannounce&tr=udp%3A%2F'
             b'%2Ftracker.cyberia.is%3A6969%2Fannounce&tr=udp%3A%2F%2Ftracker.d'
             b'ler.org%3A6969%2Fannounce&tr=udp%3A%2F%2Ftracker.internetwarrior'
             b's.net%3A1337%2Fannounce&tr=udp%3A%2F%2Ftracker.leechers-paradise'
             b'.org%3A6969%2Fannounce&tr=udp%3A%2F%2Ftracker.openbittorrent.com'
             b'%3A6969%2Fannounce&tr=udp%3A%2F%2Ftracker.opentrackr.org%3A1337&'
             b'tr=udp%3A%2F%2Ftracker.pirateparty.gr%3A6969%2Fannounce&tr=udp%3'
             b'A%2F%2Ftracker.tiny-vps.com%3A6969%2Fannounce&tr=udp%3A%2F%2Ftra'
             b'cker.torrent.eu.org%3A451%2Fannounce"},{"Name":"Breaking Bad S05'
             b'E14 480p HDTV x264 AAC E-Subs [GWC].mp4","Size":"123.57\xc2'
             b'\xa0MiB","DateUploaded":"09-16\xc2\xa02013","Category":"Video'
             b'","Seeders":"1","Leechers":"0","UploadedBy":"canc232","Url":"htt'
             b'ps://thehiddenbay.com/torrent/8924445/Breaking_Bad_S05E14_480p_H'
             b'DTV_x264_AAC_E-Subs_[GWC].mp4","Magnet":"magnet:?xt=urn:btih:FE4'
             b'45D6B1EE04E58A1E0D149A40AC8ED252A4E7A&dn=Breaking+Bad+S05E14+480'
             b'p+HDTV+x264+AAC+E-Subs+%5BGWC%5D.mp4&tr=http%3A%2F%2Fp4p.arenabg'
             b'.com%3A1337%2Fannounce&tr=udp%3A%2F%2F47.ip-51-68-199.eu%3A6969%'
             b'2Fannounce&tr=udp%3A%2F%2F9.rarbg.me%3A2780%2Fannounce&tr=udp%3A'
             b'%2F%2F9.rarbg.to%3A2710%2Fannounce&tr=udp%3A%2F%2F9.rarbg.to%3A2'
             b'730%2Fannounce&tr=udp%3A%2F%2F9.rarbg.to%3A2920%2Fannounce&tr=ud'
             b'p%3A%2F%2Fopen.stealth.si%3A80%2Fannounce&tr=udp%3A%2F%2Fopentra'
             b'cker.i2p.rocks%3A6969%2Fannounce&tr=udp%3A%2F%2Ftracker.coppersu'
             b'rfer.tk%3A6969%2Fannounce&tr=udp%3A%2F%2Ftracker.cyberia.is%3A69'
             b'69%2Fannounce&tr=udp%3A%2F%2Ftracker.dler.org%3A6969%2Fannounce&'
             b'tr=udp%3A%2F%2Ftracker.internetwarriors.net%3A1337%2Fannounce&tr'
             b'=udp%3A%2F%2Ftracker.leechers-paradise.org%3A6969%2Fannounce&tr='
             b'udp%3A%2F%2Ftracker.openbittorrent.com%3A6969%2Fannounce&tr=udp%'
             b'3A%2F%2Ftracker.opentrackr.org%3A1337&tr=udp%3A%2F%2Ftracker.pir'
             b'ateparty.gr%3A6969%2Fannounce&tr=udp%3A%2F%2Ftracker.tiny-vps.co'
             b'm%3A6969%2Fannounce&tr=udp%3A%2F%2Ftracker.torrent.eu.org%3A451%'
             b'2Fannounce"},{"Name":"Breaking.Bad.S05E14.HDTV.x264-ASAP","Size"'
             b':"347.34\xc2\xa0MiB","DateUploaded":"09-16\xc2\xa02013","Categor'
             b'y":"Video","Seeders":"1","Leechers":"0","UploadedBy":"TvTeam","U'
             b'rl":"https://thehiddenbay.com/torrent/8923181/Breaking.Bad.S05E1'
             b'4.HDTV.x264-ASAP","Magnet":"magnet:?xt=urn:btih:20A7F47DF5F9C0E7'
             b'54574C30686BA19BD9FF8FDA&dn=Breaking.Bad.S05E14.HDTV.x264-ASAP&t'
             b'r=http%3A%2F%2Fp4p.arenabg.com%3A1337%2Fannounce&tr=udp%3A%2F%2F'
             b'47.ip-51-68-199.eu%3A6969%2Fannounce&tr=udp%3A%2F%2F9.rarbg.me%3'
             b'A2780%2Fannounce&tr=udp%3A%2F%2F9.rarbg.to%3A2710%2Fannounce&tr='
             b'udp%3A%2F%2F9.rarbg.to%3A2730%2Fannounce&tr=udp%3A%2F%2F9.rarbg.'
             b'to%3A2920%2Fannounce&tr=udp%3A%2F%2Fopen.stealth.si%3A80%2Fannou'
             b'nce&tr=udp%3A%2F%2Fopentracker.i2p.rocks%3A6969%2Fannounce&tr=ud'
             b'p%3A%2F%2Ftracker.coppersurfer.tk%3A6969%2Fannounce&tr=udp%3A%2F'
             b'%2Ftracker.cyberia.is%3A6969%2Fannounce&tr=udp%3A%2F%2Ftracker.d'
             b'ler.org%3A6969%2Fannounce&tr=udp%3A%2F%2Ftracker.internetwarrior'
             b's.net%3A1337%2Fannounce&tr=udp%3A%2F%2Ftracker.leechers-paradise'
             b'.org%3A6969%2Fannounce&tr=udp%3A%2F%2Ftracker.openbittorrent.com'
             b'%3A6969%2Fannounce&tr=udp%3A%2F%2Ftracker.opentrackr.org%3A1337&'
             b'tr=udp%3A%2F%2Ftracker.pirateparty.gr%3A6969%2Fannounce&tr=udp%3'
             b'A%2F%2Ftracker.tiny-vps.com%3A6969%2Fannounce&tr=udp%3A%2F%2Ftra'
             b'cker.torrent.eu.org%3A451%2Fannounce"},{"Name":"Breaking Bad S05'
             b'E14 HDTV x264-ASAP","Size":"347.34\xc2\xa0MiB","DateUploaded":'
             b'"09-16\xc2\xa02013","Category":"Video","Seeders":"1","Leechers'
             b'":"0","UploadedBy":"TeX","Url":"https://thehiddenbay.com/torrent'
             b'/8923176/Breaking_Bad_S05E14_HDTV_x264-ASAP","Magnet":"magnet:?x'
             b't=urn:btih:5B38E7544A53A7C58A8C17A8CD7530D68C34EDF6&dn=Breaking+'
             b'Bad+S05E14+HDTV+x264-ASAP&tr=http%3A%2F%2Fp4p.arenabg.com%3A1337'
             b'%2Fannounce&tr=udp%3A%2F%2F47.ip-51-68-199.eu%3A6969%2Fannounce&'
             b'tr=udp%3A%2F%2F9.rarbg.me%3A2780%2Fannounce&tr=udp%3A%2F%2F9.rar'
             b'bg.to%3A2710%2Fannounce&tr=udp%3A%2F%2F9.rarbg.to%3A2730%2Fannou'
             b'nce&tr=udp%3A%2F%2F9.rarbg.to%3A2920%2Fannounce&tr=udp%3A%2F%2Fo'
             b'pen.stealth.si%3A80%2Fannounce&tr=udp%3A%2F%2Fopentracker.i2p.ro'
             b'cks%3A6969%2Fannounce&tr=udp%3A%2F%2Ftracker.coppersurfer.tk%3A6'
             b'969%2Fannounce&tr=udp%3A%2F%2Ftracker.cyberia.is%3A6969%2Fannoun'
             b'ce&tr=udp%3A%2F%2Ftracker.dler.org%3A6969%2Fannounce&tr=udp%3A%2'
             b'F%2Ftracker.internetwarriors.net%3A1337%2Fannounce&tr=udp%3A%2F%'
             b'2Ftracker.leechers-paradise.org%3A6969%2Fannounce&tr=udp%3A%2F%2'
             b'Ftracker.openbittorrent.com%3A6969%2Fannounce&tr=udp%3A%2F%2Ftra'
             b'cker.opentrackr.org%3A1337&tr=udp%3A%2F%2Ftracker.pirateparty.gr'
             b'%3A6969%2Fannounce&tr=udp%3A%2F%2Ftracker.tiny-vps.com%3A6969%2F'
             b'announce&tr=udp%3A%2F%2Ftracker.torrent.eu.org%3A451%2Fannounce"'
             b'},{"Name":"Breaking.Bad.S05E14.HDTV.x264-ASAP.[VTV].mp4","Size":'
             b'"347.33\xc2\xa0MiB","DateUploaded":"09-16\xc2\xa02013","Category'
             b'":"Video","Seeders":"1","Leechers":"0","UploadedBy":"VTV","Url":'
             b'"https://thehiddenbay.com/torrent/8923227/Breaking.Bad.S05E14.HD'
             b'TV.x264-ASAP.[VTV].mp4","Magnet":"magnet:?xt=urn:btih:CA9BFA8771'
             b'7925FC02251C84AF41ED7945DFA2A6&dn=Breaking.Bad.S05E14.HDTV.x264-'
             b'ASAP.%5BVTV%5D.mp4&tr=http%3A%2F%2Fp4p.arenabg.com%3A1337%2Fanno'
             b'unce&tr=udp%3A%2F%2F47.ip-51-68-199.eu%3A6969%2Fannounce&tr=udp%'
             b'3A%2F%2F9.rarbg.me%3A2780%2Fannounce&tr=udp%3A%2F%2F9.rarbg.to%3'
             b'A2710%2Fannounce&tr=udp%3A%2F%2F9.rarbg.to%3A2730%2Fannounce&tr='
             b'udp%3A%2F%2F9.rarbg.to%3A2920%2Fannounce&tr=udp%3A%2F%2Fopen.ste'
             b'alth.si%3A80%2Fannounce&tr=udp%3A%2F%2Fopentracker.i2p.rocks%3A6'
             b'969%2Fannounce&tr=udp%3A%2F%2Ftracker.coppersurfer.tk%3A6969%2Fa'
             b'nnounce&tr=udp%3A%2F%2Ftracker.cyberia.is%3A6969%2Fannounce&tr=u'
             b'dp%3A%2F%2Ftracker.dler.org%3A6969%2Fannounce&tr=udp%3A%2F%2Ftra'
             b'cker.internetwarriors.net%3A1337%2Fannounce&tr=udp%3A%2F%2Ftrack'
             b'er.leechers-paradise.org%3A6969%2Fannounce&tr=udp%3A%2F%2Ftracke'
             b'r.openbittorrent.com%3A6969%2Fannounce&tr=udp%3A%2F%2Ftracker.op'
             b'entrackr.org%3A1337&tr=udp%3A%2F%2Ftracker.pirateparty.gr%3A6969'
             b'%2Fannounce&tr=udp%3A%2F%2Ftracker.tiny-vps.com%3A6969%2Fannounc'
             b'e&tr=udp%3A%2F%2Ftracker.torrent.eu.org%3A451%2Fannounce"},{"Nam'
             b'e":"Breaking.Bad.S05E14.720p.HDTV.x264-IMMERSE[rartv]","Size":"1'
             b'.23\xc2\xa0GiB","DateUploaded":"09-16\xc2\xa02013","Category":"V'
             b'ideo","Seeders":"1","Leechers":"0","UploadedBy":"Drarbg","Url":"'
             b'https://thehiddenbay.com/torrent/8923158/Breaking.Bad.S05E14.720'
             b'p.HDTV.x264-IMMERSE[rartv]","Magnet":"magnet:?xt=urn:btih:1B13CC'
             b'DF59AABD9A74F27EF607F1C94BFE41E631&dn=Breaking.Bad.S05E14.720p.H'
             b'DTV.x264-IMMERSE%5Brartv%5D&tr=http%3A%2F%2Fp4p.arenabg.com%3A13'
             b'37%2Fannounce&tr=udp%3A%2F%2F47.ip-51-68-199.eu%3A6969%2Fannounc'
             b'e&tr=udp%3A%2F%2F9.rarbg.me%3A2780%2Fannounce&tr=udp%3A%2F%2F9.r'
             b'arbg.to%3A2710%2Fannounce&tr=udp%3A%2F%2F9.rarbg.to%3A2730%2Fann'
             b'ounce&tr=udp%3A%2F%2F9.rarbg.to%3A2920%2Fannounce&tr=udp%3A%2F%2'
             b'Fopen.stealth.si%3A80%2Fannounce&tr=udp%3A%2F%2Fopentracker.i2p.'
             b'rocks%3A6969%2Fannounce&tr=udp%3A%2F%2Ftracker.coppersurfer.tk%3'
             b'A6969%2Fannounce&tr=udp%3A%2F%2Ftracker.cyberia.is%3A6969%2Fanno'
             b'unce&tr=udp%3A%2F%2Ftracker.dler.org%3A6969%2Fannounce&tr=udp%3A'
             b'%2F%2Ftracker.internetwarriors.net%3A1337%2Fannounce&tr=udp%3A%2'
             b'F%2Ftracker.leechers-paradise.org%3A6969%2Fannounce&tr=udp%3A%2F'
             b'%2Ftracker.openbittorrent.com%3A6969%2Fannounce&tr=udp%3A%2F%2Ft'
             b'racker.opentrackr.org%3A1337&tr=udp%3A%2F%2Ftracker.pirateparty.'
             b'gr%3A6969%2Fannounce&tr=udp%3A%2F%2Ftracker.tiny-vps.com%3A6969%'
             b'2Fannounce&tr=udp%3A%2F%2Ftracker.torrent.eu.org%3A451%2Fannounc'
             b'e"}]',
 '_decoder': <httpx._decoders.GZipDecoder object at 0x76280ca31ca0>,
 '_elapsed': datetime.timedelta(microseconds=768807),
 '_num_bytes_downloaded': 1845,
 '_request': <Request('GET', 'https://well-seeded-torrents.vercel.app/api/piratebay/breaking%20bad%20s05e14')>,
 'default_encoding': 'utf-8',
 'extensions': {'http_version': b'HTTP/1.1',
                'network_stream': <httpcore._backends.anyio.AnyIOStream object at 0x76280c8ee480>,
                'reason_phrase': b'OK'},
 'headers': Headers({'access-control-allow-headers': 'Origin, X-Requested-With, Content-Type, Accept', 'access-control-allow-origin': '*', 'age': '0', 'cache-control': 'public, max-age=0, must-revalidate', 'connection': 'keep-alive', 'content-encoding': 'gzip', 'content-type': 'application/json; charset=utf-8', 'date': 'Thu, 30 May 2024 00:30:58 GMT', 'etag': 'W/"5320-DBWNByMtuVHLIQFVZIWm0FjNNCA"', 'server': 'Vercel', 'strict-transport-security': 'max-age=63072000; includeSubDomains; preload', 'x-powered-by': 'Express', 'x-vercel-cache': 'MISS', 'x-vercel-id': 'cdg1::iad1::jdft7-1717029057861-f518bea59251', 'transfer-encoding': 'chunked'}),
 'history': [],
 'is_closed': True,
 'is_stream_consumed': True,
 'next_request': None,
 'status_code': 200,
 'stream': <httpx._client.BoundAsyncStream object at 0x76280d185eb0>}
